<?xml version="1.0" encoding="UTF-8"?>
<!-- Generated by org.testng.reporters.JUnitReportReporter -->
<testsuite hostname="DESKTOP-4SJACL6" failures="0" tests="1" name="com.orangehrm.PageTests.AccountLoginPageTest" time="11.032" errors="0" timestamp="2024-10-18T19:39:13 EDT" skipped="0">
  <testcase classname="com.orangehrm.PageTests.AccountLoginPageTest" name="validateLoginFunctionality" time="11.032"/>
  <system-out/>
</testsuite> <!-- com.orangehrm.PageTests.AccountLoginPageTest -->
